[cloudera@quickstart workspace]$ hadoop jar Part2.jar CBPDriver
InputForTeam9.txt CBPOutput01
23/03/13 22:33:34 INFO client.RMProxy: Connecting to ResourceManager
at /0.0.0.0:8032
23/03/13 22:33:38 WARN mapreduce.JobResourceUploader: Hadoop
command-line option parsing not performed. Implement the Tool
interface and execute your application with ToolRunner to remedy this.
23/03/13 22:33:40 INFO input.FileInputFormat: Total input paths to process : 1
23/03/13 22:33:41 INFO mapreduce.JobSubmitter: number of splits:1
23/03/13 22:33:43 INFO mapreduce.JobSubmitter: Submitting tokens for
job: job_1678724351761_0017
23/03/13 22:33:45 INFO impl.YarnClientImpl: Submitted application
application_1678724351761_0017
23/03/13 22:33:45 INFO mapreduce.Job: The url to track the job:
http://quickstart.cloudera:8088/proxy/application_1678724351761_0017/
23/03/13 22:33:45 INFO mapreduce.Job: Running job: job_1678724351761_0017
23/03/13 22:34:43 INFO mapreduce.Job: Job job_1678724351761_0017
running in uber mode : false
23/03/13 22:34:43 INFO mapreduce.Job:  map 0% reduce 0%
23/03/13 22:35:33 INFO mapreduce.Job:  map 67% reduce 0%
23/03/13 22:36:39 INFO mapreduce.Job:  map 100% reduce 0%
23/03/13 22:37:29 INFO mapreduce.Job:  map 100% reduce 67%
23/03/13 22:37:42 INFO mapreduce.Job:  map 100% reduce 71%
23/03/13 22:37:49 INFO mapreduce.Job:  map 100% reduce 82%
23/03/13 22:37:55 INFO mapreduce.Job:  map 100% reduce 91%
23/03/13 22:38:00 INFO mapreduce.Job:  map 100% reduce 100%
23/03/13 22:38:02 INFO mapreduce.Job: Job job_1678724351761_0017
completed successfully
23/03/13 22:38:04 INFO mapreduce.Job: Counters: 49
    File System Counters
        FILE: Number of bytes read=15529896
        FILE: Number of bytes written=31309755
        FILE: Number of read operations=0
        FILE: Number of large read operations=0
        FILE: Number of write operations=0
        HDFS: Number of bytes read=123639
        HDFS: Number of bytes written=7747485
        HDFS: Number of read operations=6
        HDFS: Number of large read operations=0
        HDFS: Number of write operations=2
    Job Counters
        Launched map tasks=1
        Launched reduce tasks=1
        Data-local map tasks=1
        Total time spent by all maps in occupied slots (ms)=112338
        Total time spent by all reduces in occupied slots (ms)=79433
        Total time spent by all map tasks (ms)=112338
        Total time spent by all reduce tasks (ms)=79433
        Total vcore-milliseconds taken by all map tasks=112338
        Total vcore-milliseconds taken by all reduce tasks=79433
        Total megabyte-milliseconds taken by all map tasks=115034112
        Total megabyte-milliseconds taken by all reduce tasks=81339392
    Map-Reduce Framework
        Map input records=1000
        Map output records=1035326
        Map output bytes=13459238
        Map output materialized bytes=15529896
        Input split bytes=128
        Combine input records=0
        Combine output records=0
        Reduce input groups=240243
        Reduce shuffle bytes=15529896
        Reduce input records=1035326
        Reduce output records=239703
        Spilled Records=2070652
        Shuffled Maps =1
        Failed Shuffles=0
        Merged Map outputs=1
        GC time elapsed (ms)=2232
        CPU time spent (ms)=81160
        Physical memory (bytes) snapshot=358756352
        Virtual memory (bytes) snapshot=3015753728
        Total committed heap usage (bytes)=226627584
    Shuffle Errors
        BAD_ID=0
        CONNECTION=0
        IO_ERROR=0
        WRONG_LENGTH=0
        WRONG_MAP=0
        WRONG_REDUCE=0
    File Input Format Counters
        Bytes Read=123511
    File Output Format Counters
        Bytes Written=7747485