[cloudera@quickstart workspace]$ hadoop jar Part3.jar CBSDriver
InputForTeam9.txt CBSOutput
23/03/13 22:25:08 INFO client.RMProxy: Connecting to ResourceManager
at /0.0.0.0:8032
23/03/13 22:25:11 WARN mapreduce.JobResourceUploader: Hadoop
command-line option parsing not performed. Implement the Tool
interface and execute your application with ToolRunner to remedy this.
23/03/13 22:25:13 INFO input.FileInputFormat: Total input paths to process : 1
23/03/13 22:25:13 INFO mapreduce.JobSubmitter: number of splits:1
23/03/13 22:25:15 INFO mapreduce.JobSubmitter: Submitting tokens for
job: job_1678724351761_0016
23/03/13 22:25:16 INFO impl.YarnClientImpl: Submitted application
application_1678724351761_0016
23/03/13 22:25:17 INFO mapreduce.Job: The url to track the job:
http://quickstart.cloudera:8088/proxy/application_1678724351761_0016/
23/03/13 22:25:17 INFO mapreduce.Job: Running job: job_1678724351761_0016
23/03/13 22:26:00 INFO mapreduce.Job: Job job_1678724351761_0016
running in uber mode : false
23/03/13 22:26:00 INFO mapreduce.Job:  map 0% reduce 0%
23/03/13 22:26:44 INFO mapreduce.Job:  map 100% reduce 0%
23/03/13 22:27:28 INFO mapreduce.Job:  map 100% reduce 69%
23/03/13 22:27:35 INFO mapreduce.Job:  map 100% reduce 75%
23/03/13 22:27:41 INFO mapreduce.Job:  map 100% reduce 86%
23/03/13 22:27:47 INFO mapreduce.Job:  map 100% reduce 97%
23/03/13 22:27:49 INFO mapreduce.Job:  map 100% reduce 100%
23/03/13 22:27:51 INFO mapreduce.Job: Job job_1678724351761_0016
completed successfully
23/03/13 22:27:52 INFO mapreduce.Job: Counters: 49
    File System Counters
        FILE: Number of bytes read=5411072
        FILE: Number of bytes written=11071819
        FILE: Number of read operations=0
        FILE: Number of large read operations=0
        FILE: Number of write operations=0
        HDFS: Number of bytes read=123639
        HDFS: Number of bytes written=7031076
        HDFS: Number of read operations=6
        HDFS: Number of large read operations=0
        HDFS: Number of write operations=2
    Job Counters
        Launched map tasks=1
        Launched reduce tasks=1
        Data-local map tasks=1
        Total time spent by all maps in occupied slots (ms)=39650
        Total time spent by all reduces in occupied slots (ms)=61109
        Total time spent by all map tasks (ms)=39650
        Total time spent by all reduce tasks (ms)=61109
        Total vcore-milliseconds taken by all map tasks=39650
        Total vcore-milliseconds taken by all reduce tasks=61109
        Total megabyte-milliseconds taken by all map tasks=40601600
        Total megabyte-milliseconds taken by all reduce tasks=62575616
    Map-Reduce Framework
        Map input records=1000
        Map output records=29878
        Map output bytes=5326882
        Map output materialized bytes=5411072
        Input split bytes=128
        Combine input records=0
        Combine output records=0
        Reduce input groups=540
        Reduce shuffle bytes=5411072
        Reduce input records=29878
        Reduce output records=540
        Spilled Records=59756
        Shuffled Maps =1
        Failed Shuffles=0
        Merged Map outputs=1
        GC time elapsed (ms)=4887
        CPU time spent (ms)=32680
        Physical memory (bytes) snapshot=345251840
        Virtual memory (bytes) snapshot=3015147520
        Total committed heap usage (bytes)=226627584
    Shuffle Errors
        BAD_ID=0
        CONNECTION=0
        IO_ERROR=0
        WRONG_LENGTH=0
        WRONG_MAP=0
        WRONG_REDUCE=0
    File Input Format Counters
        Bytes Read=123511
    File Output Format Counters
        Bytes Written=7031076